#! /c/Source/iverilog-install/bin/vvp
:ivl_version "12.0 (devel)" "(s20150603-1539-g2693dd32b)";
:ivl_delay_selection "TYPICAL";
:vpi_time_precision + 0;
:vpi_module "C:\iverilog\lib\ivl\system.vpi";
:vpi_module "C:\iverilog\lib\ivl\vhdl_sys.vpi";
:vpi_module "C:\iverilog\lib\ivl\vhdl_textio.vpi";
:vpi_module "C:\iverilog\lib\ivl\v2005_math.vpi";
:vpi_module "C:\iverilog\lib\ivl\va_math.vpi";
S_000001d38ffe6870 .scope module, "RPanY" "RPanY" 2 10;
 .timescale 0 0;
    .port_info 0 /INPUT 1 "A";
    .port_info 1 /INPUT 1 "B";
    .port_info 2 /INPUT 1 "C";
    .port_info 3 /INPUT 1 "D";
    .port_info 4 /OUTPUT 1 "F";
o000001d3900a6b18 .functor BUFZ 1, C4<z>; HiZ drive
v000001d38ffe6a00_0 .net "A", 0 0, o000001d3900a6b18;  0 drivers
o000001d3900a6b48 .functor BUFZ 1, C4<z>; HiZ drive
v000001d38ffe6aa0_0 .net "B", 0 0, o000001d3900a6b48;  0 drivers
o000001d3900a6b78 .functor BUFZ 1, C4<z>; HiZ drive
v000001d38ffe6b40_0 .net "C", 0 0, o000001d3900a6b78;  0 drivers
o000001d3900a6ba8 .functor BUFZ 1, C4<z>; HiZ drive
v000001d38ffee7e0_0 .net "D", 0 0, o000001d3900a6ba8;  0 drivers
v000001d38ffee880_0 .var "F", 0 0;
E_000001d3900a48b0 .event anyedge, v000001d38ffee7e0_0, v000001d38ffe6b40_0, v000001d38ffe6aa0_0;
    .scope S_000001d38ffe6870;
T_0 ;
    %wait E_000001d3900a48b0;
    %load/vec4 v000001d38ffe6aa0_0;
    %load/vec4 v000001d38ffee7e0_0;
    %inv;
    %and;
    %load/vec4 v000001d38ffe6b40_0;
    %or;
    %store/vec4 v000001d38ffee880_0, 0, 1;
    %jmp T_0;
    .thread T_0, $push;
# The file index is used to find the file name in the following table.
:file_names 3;
    "N/A";
    "<interactive>";
    "RPanY.v";
